#-----------------------------------------------------------
# Vivado v2017.1 (64-bit)
# SW Build 1846317 on Fri Apr 14 18:55:03 MDT 2017
# IP Build 1846188 on Fri Apr 14 20:52:08 MDT 2017
# Start of session at: Fri Apr  2 12:08:11 2021
# Process ID: 10984
# Current directory: C:/Users/Kzel/Desktop/lenet
# Command line: vivado.exe -gui_launcher_event rodinguilauncherevent1400 C:\Users\Kzel\Desktop\lenet\lenet.xpr
# Log file: C:/Users/Kzel/Desktop/lenet/vivado.log
# Journal file: C:/Users/Kzel/Desktop/lenet\vivado.jou
#-----------------------------------------------------------
start_gui
open_project C:/Users/Kzel/Desktop/lenet/lenet.xpr
Scanning sources...
Finished scanning sources
INFO: [IP_Flow 19-234] Refreshing IP repositories
INFO: [IP_Flow 19-1704] No user IP repositories specified
INFO: [IP_Flow 19-2313] Loaded Vivado IP repository 'D:/Program/xilinx/Vivado/2017.1/data/ip'.
update_compile_order -fileset sources_1
launch_sdk -workspace C:/Users/Kzel/Desktop/lenet/lenet.sdk -hwspec C:/Users/Kzel/Desktop/lenet/lenet.sdk/design_1_wrapper.hdf
INFO: [Vivado 12-393] Launching SDK...
INFO: [Vivado 12-417] Running xsdk -workspace C:/Users/Kzel/Desktop/lenet/lenet.sdk -hwspec C:/Users/Kzel/Desktop/lenet/lenet.sdk/design_1_wrapper.hdf
INFO: [Vivado 12-3157] SDK launch initiated. Please check console for any further messages.
exit
INFO: [Common 17-206] Exiting Vivado at Fri Apr  2 12:24:48 2021...
