#-----------------------------------------------------------
# Vivado v2017.1 (64-bit)
# SW Build 1846317 on Fri Apr 14 18:55:03 MDT 2017
# IP Build 1846188 on Fri Apr 14 20:52:08 MDT 2017
# Start of session at: Fri Apr  2 11:21:03 2021
# Process ID: 9148
# Current directory: C:/Users/Kzel/Desktop/lenet
# Command line: vivado.exe -gui_launcher_event rodinguilauncherevent9984 C:\Users\Kzel\Desktop\lenet\lenet.xpr
# Log file: C:/Users/Kzel/Desktop/lenet/vivado.log
# Journal file: C:/Users/Kzel/Desktop/lenet\vivado.jou
#-----------------------------------------------------------
start_gui
open_project C:/Users/Kzel/Desktop/lenet/lenet.xpr
Scanning sources...
Finished scanning sources
INFO: [IP_Flow 19-234] Refreshing IP repositories
INFO: [IP_Flow 19-1704] No user IP repositories specified
INFO: [IP_Flow 19-2313] Loaded Vivado IP repository 'D:/Program/xilinx/Vivado/2017.1/data/ip'.
open_project: Time (s): cpu = 00:00:12 ; elapsed = 00:00:07 . Memory (MB): peak = 868.312 ; gain = 73.160
INFO: [Vivado 12-4158] Exported Hardware file is out of date. Exported hardware information may be inconsistent with respect to the current state of the design. It is recommended that you re-export the design and launch SDK otherwise SDK is launched with out of date hardware system file.
update_compile_order -fileset sources_1
launch_sdk -workspace C:/Users/Kzel/Desktop/lenet/lenet.sdk -hwspec C:/Users/Kzel/Desktop/lenet/lenet.sdk/design_1_wrapper.hdf
INFO: [Vivado 12-393] Launching SDK...
INFO: [Vivado 12-417] Running xsdk -workspace C:/Users/Kzel/Desktop/lenet/lenet.sdk -hwspec C:/Users/Kzel/Desktop/lenet/lenet.sdk/design_1_wrapper.hdf
INFO: [Vivado 12-3157] SDK launch initiated. Please check console for any further messages.
open_bd_design {C:/Users/Kzel/Desktop/lenet/lenet.srcs/sources_1/bd/design_1/design_1.bd}
Adding cell -- xilinx.com:ip:processing_system7:5.5 - processing_system7_0
Successfully read diagram <design_1> from BD file <C:/Users/Kzel/Desktop/lenet/lenet.srcs/sources_1/bd/design_1/design_1.bd>
open_bd_design: Time (s): cpu = 00:00:07 ; elapsed = 00:00:06 . Memory (MB): peak = 968.199 ; gain = 45.035
generate_target all [get_files  C:/Users/Kzel/Desktop/lenet/lenet.srcs/sources_1/bd/design_1/design_1.bd]
INFO: [BD 41-1662] The design 'design_1.bd' is already validated. Therefore parameter propagation will not be re-run.
VHDL Output written to : C:/Users/Kzel/Desktop/lenet/lenet.srcs/sources_1/bd/design_1/hdl/design_1.vhd
VHDL Output written to : C:/Users/Kzel/Desktop/lenet/lenet.srcs/sources_1/bd/design_1/hdl/design_1_wrapper.vhd
INFO: [BD 41-1029] Generation completed for the IP Integrator block processing_system7_0 .
Exporting to file C:/Users/Kzel/Desktop/lenet/lenet.srcs/sources_1/bd/design_1/hw_handoff/design_1.hwh
Generated Block Design Tcl file C:/Users/Kzel/Desktop/lenet/lenet.srcs/sources_1/bd/design_1/hw_handoff/design_1_bd.tcl
Generated Hardware Definition File C:/Users/Kzel/Desktop/lenet/lenet.srcs/sources_1/bd/design_1/hdl/design_1.hwdef
export_ip_user_files -of_objects [get_files C:/Users/Kzel/Desktop/lenet/lenet.srcs/sources_1/bd/design_1/design_1.bd] -no_script -sync -force -quiet
export_simulation -of_objects [get_files C:/Users/Kzel/Desktop/lenet/lenet.srcs/sources_1/bd/design_1/design_1.bd] -directory C:/Users/Kzel/Desktop/lenet/lenet.ip_user_files/sim_scripts -ip_user_files_dir C:/Users/Kzel/Desktop/lenet/lenet.ip_user_files -ipstatic_source_dir C:/Users/Kzel/Desktop/lenet/lenet.ip_user_files/ipstatic -lib_map_path [list {modelsim=C:/Users/Kzel/Desktop/lenet/lenet.cache/compile_simlib/modelsim} {questa=C:/Users/Kzel/Desktop/lenet/lenet.cache/compile_simlib/questa} {riviera=C:/Users/Kzel/Desktop/lenet/lenet.cache/compile_simlib/riviera} {activehdl=C:/Users/Kzel/Desktop/lenet/lenet.cache/compile_simlib/activehdl}] -use_ip_compiled_libs -force -quiet
INFO: [Vivado 12-4159] Implementation run is out of date. Exported hardware information may be inconsistent with respect to the current state of the design. It is recommended that you re-run implementation and re-generate bitstream before doing hardware export.
file copy -force C:/Users/Kzel/Desktop/lenet/lenet.runs/impl_1/design_1_wrapper.sysdef C:/Users/Kzel/Desktop/lenet/lenet.sdk/design_1_wrapper.hdf

reset_run synth_1
launch_runs impl_1 -to_step write_bitstream -jobs 3
[Fri Apr  2 11:39:57 2021] Launched synth_1...
Run output will be captured here: C:/Users/Kzel/Desktop/lenet/lenet.runs/synth_1/runme.log
[Fri Apr  2 11:39:57 2021] Launched impl_1...
Run output will be captured here: C:/Users/Kzel/Desktop/lenet/lenet.runs/impl_1/runme.log
set_param general.maxThreads 8
8
get_param general.maxThreads
8
file mkdir C:/Users/Kzel/Desktop/lenet/lenet.sdk
file copy -force C:/Users/Kzel/Desktop/lenet/lenet.runs/impl_1/design_1_wrapper.sysdef C:/Users/Kzel/Desktop/lenet/lenet.sdk/design_1_wrapper.hdf

launch_sdk -workspace C:/Users/Kzel/Desktop/lenet/lenet.sdk -hwspec C:/Users/Kzel/Desktop/lenet/lenet.sdk/design_1_wrapper.hdf
INFO: [Vivado 12-393] Launching SDK...
INFO: [Vivado 12-417] Running xsdk -workspace C:/Users/Kzel/Desktop/lenet/lenet.sdk -hwspec C:/Users/Kzel/Desktop/lenet/lenet.sdk/design_1_wrapper.hdf
INFO: [Vivado 12-3157] SDK launch initiated. Please check console for any further messages.
exit
INFO: [Common 17-206] Exiting Vivado at Fri Apr  2 11:53:33 2021...
