11:42:23 INFO  : Registering command handlers for SDK TCF services
11:42:23 INFO  : Launching XSCT server: xsct.bat -interactive C:\Users\Kzel\Desktop\lenet\lenet.sdk\temp_xsdb_launch_script.tcl
11:42:25 INFO  : XSCT server has started successfully.
11:42:25 INFO  : Successfully done setting XSCT server connection channel  
11:42:25 INFO  : Successfully done setting SDK workspace  
11:42:25 INFO  : Processing command line option -hwspec C:/Users/Kzel/Desktop/lenet/lenet.sdk/design_1_wrapper.hdf.
11:45:49 INFO  : Connected to target on host '127.0.0.1' and port '3121'.
11:45:52 INFO  : 'targets -set -filter {jtag_cable_name =~ "Digilent Zed 210248584858" && level==0} -index 1' command is executed.
11:45:55 INFO  : FPGA configured successfully with bitstream "C:/Users/Kzel/Desktop/lenet/lenet.sdk/design_1_wrapper_hw_platform_0/design_1_wrapper.bit"
11:46:33 INFO  : Processor reset is completed for ps7_cortexa9_0
11:50:22 INFO  : Processor reset is completed for ps7_cortexa9_0
11:53:24 ERROR : Unexpected error while parsing XMD response ?: com.google.gson.JsonSyntaxException: com.google.gson.stream.MalformedJsonException: invalid number or unquoted string near 
12:08:40 INFO  : Registering command handlers for SDK TCF services
12:08:40 INFO  : Launching XSCT server: xsct.bat -interactive C:\Users\Kzel\Desktop\lenet\lenet.sdk\temp_xsdb_launch_script.tcl
12:08:42 INFO  : XSCT server has started successfully.
12:08:42 INFO  : Successfully done setting XSCT server connection channel  
12:08:42 INFO  : Successfully done setting SDK workspace  
12:08:42 INFO  : Processing command line option -hwspec C:/Users/Kzel/Desktop/lenet/lenet.sdk/design_1_wrapper.hdf.
12:08:42 INFO  : Checking for hwspec changes in the project design_1_wrapper_hw_platform_0.
12:08:51 INFO  : Connected to target on host '127.0.0.1' and port '3121'.
12:08:55 INFO  : 'targets -set -filter {jtag_cable_name =~ "Digilent Zed 210248584858" && level==0} -index 1' command is executed.
12:08:57 INFO  : FPGA configured successfully with bitstream "C:/Users/Kzel/Desktop/lenet/lenet.sdk/design_1_wrapper_hw_platform_0/design_1_wrapper.bit"
12:09:04 INFO  : Processor reset is completed for ps7_cortexa9_0
12:12:39 INFO  : Processor reset is completed for ps7_cortexa9_0
12:14:00 INFO  : ps7_cortexa9_0 Processor is in use. Please stop existing Run or Debug sessions before launching.
12:14:01 INFO  : Processor reset is completed for ps7_cortexa9_0
12:14:45 INFO  : ps7_cortexa9_0 Processor is in use. Please stop existing Run or Debug sessions before launching.
12:14:47 INFO  : Processor reset is completed for ps7_cortexa9_0
12:14:54 INFO  : ps7_cortexa9_0 Processor is in use. Please stop existing Run or Debug sessions before launching.
12:14:56 INFO  : Processor reset is completed for ps7_cortexa9_0
12:15:53 INFO  : ps7_cortexa9_0 Processor is in use. Please stop existing Run or Debug sessions before launching.
12:15:55 INFO  : Processor reset is completed for ps7_cortexa9_0
12:18:17 INFO  : ps7_cortexa9_0 Processor is in use. Please stop existing Run or Debug sessions before launching.
12:18:18 INFO  : Processor reset is completed for ps7_cortexa9_0
12:18:40 INFO  : Processor reset is completed for ps7_cortexa9_0
12:24:44 ERROR : Unexpected error while parsing XMD response ?: com.google.gson.JsonSyntaxException: com.google.gson.stream.MalformedJsonException: invalid number or unquoted string near 
